[2025-11-12 06:46:30] (ERROR in xPDO\xPDOConnection::connect @ C:\xampp\htdocs\sr-transfers\core\vendor\xpdo\xpdo\src\xPDO\xPDOConnection.php : 89) SQLSTATE[HY000] [1049] Unknown database 'sr-transfers'
[2025-11-12 06:46:30] (ERROR @ C:\xampp\htdocs\sr-transfers\core\vendor\xpdo\xpdo\src\xPDO\Om\xPDOQuery.php : 670) Could not construct or prepare query because it is invalid or could not connect: SELECT `modSystemSetting`.`key` AS `modSystemSetting_key`, `modSystemSetting`.`value` AS `modSystemSetting_value`, `modSystemSetting`.`xtype` AS `modSystemSetting_xtype`, `modSystemSetting`.`namespace` AS `modSystemSetting_namespace`, `modSystemSetting`.`area` AS `modSystemSetting_area`, `modSystemSetting`.`editedon` AS `modSystemSetting_editedon` FROM `modx_system_settings` AS `modSystemSetting` 
[2025-11-12 06:46:30] (ERROR in xPDO\xPDOConnection::connect @ C:\xampp\htdocs\sr-transfers\core\vendor\xpdo\xpdo\src\xPDO\xPDOConnection.php : 89) SQLSTATE[HY000] [1049] Unknown database 'sr-transfers'
[2025-11-12 06:46:30] (ERROR @ C:\xampp\htdocs\sr-transfers\core\vendor\xpdo\xpdo\src\xPDO\Om\xPDOObject.php : 250) Error preparing statement for query: SELECT `modSystemSetting`.`key` AS `modSystemSetting_key`, `modSystemSetting`.`value` AS `modSystemSetting_value`, `modSystemSetting`.`xtype` AS `modSystemSetting_xtype`, `modSystemSetting`.`namespace` AS `modSystemSetting_namespace`, `modSystemSetting`.`area` AS `modSystemSetting_area`, `modSystemSetting`.`editedon` AS `modSystemSetting_editedon` FROM `modx_system_settings` AS `modSystemSetting`  - 
[2025-11-12 06:46:30] (ERROR in xPDO\xPDOConnection::connect @ C:\xampp\htdocs\sr-transfers\core\vendor\xpdo\xpdo\src\xPDO\xPDOConnection.php : 89) SQLSTATE[HY000] [1049] Unknown database 'sr-transfers'
[2025-11-12 06:46:30] (ERROR @ C:\xampp\htdocs\sr-transfers\core\vendor\xpdo\xpdo\src\xPDO\Om\xPDOQuery.php : 670) Could not construct or prepare query because it is invalid or could not connect: SELECT `modSystemSetting`.`key` AS `modSystemSetting_key`, `modSystemSetting`.`value` AS `modSystemSetting_value`, `modSystemSetting`.`xtype` AS `modSystemSetting_xtype`, `modSystemSetting`.`namespace` AS `modSystemSetting_namespace`, `modSystemSetting`.`area` AS `modSystemSetting_area`, `modSystemSetting`.`editedon` AS `modSystemSetting_editedon` FROM `modx_system_settings` AS `modSystemSetting` 
[2025-11-12 06:46:30] (ERROR in xPDO\xPDOConnection::connect @ C:\xampp\htdocs\sr-transfers\core\vendor\xpdo\xpdo\src\xPDO\xPDOConnection.php : 89) SQLSTATE[HY000] [1049] Unknown database 'sr-transfers'
[2025-11-12 06:46:30] (ERROR @ C:\xampp\htdocs\sr-transfers\core\vendor\xpdo\xpdo\src\xPDO\Om\xPDOObject.php : 250) Error preparing statement for query: SELECT `modSystemSetting`.`key` AS `modSystemSetting_key`, `modSystemSetting`.`value` AS `modSystemSetting_value`, `modSystemSetting`.`xtype` AS `modSystemSetting_xtype`, `modSystemSetting`.`namespace` AS `modSystemSetting_namespace`, `modSystemSetting`.`area` AS `modSystemSetting_area`, `modSystemSetting`.`editedon` AS `modSystemSetting_editedon` FROM `modx_system_settings` AS `modSystemSetting`  - 
[2025-11-12 06:46:30] (FATAL) Could not load core MODX configuration!
[2025-11-12 08:44:28] (ERROR @ C:\xampp\htdocs\sr-transfers\core\src\Revolution\modParser.php : 153) Encountered a parser error: [2] Backtrack limit exhausted
[2025-11-12 08:44:28] (ERROR @ C:\xampp\htdocs\sr-transfers\core\src\Revolution\modParser.php : 153) Encountered a parser error: [2] Backtrack limit exhausted
[2025-11-12 08:44:28] (ERROR @ C:\xampp\htdocs\sr-transfers\core\src\Revolution\modParser.php : 153) Encountered a parser error: [2] Backtrack limit exhausted
[2025-11-12 08:44:38] (ERROR @ C:\xampp\htdocs\sr-transfers\core\src\Revolution\modParser.php : 153) Encountered a parser error: [2] Backtrack limit exhausted
[2025-11-12 08:44:38] (ERROR @ C:\xampp\htdocs\sr-transfers\core\src\Revolution\modParser.php : 153) Encountered a parser error: [2] Backtrack limit exhausted
[2025-11-13 06:22:34] (ERROR @ C:\xampp\htdocs\sr-transfers\core\cache\includes\elements\modx\revolution\modsnippet\1.include.cache.php : 23) PHP warning: file_put_contents(C:/xampp/htdocs/sr-transfers/assets/cache/google_reviews_cache.json): Failed to open stream: No such file or directory
[2025-11-13 06:23:18] (ERROR @ C:\xampp\htdocs\sr-transfers\core\cache\includes\elements\modx\revolution\modsnippet\1.include.cache.php : 23) PHP warning: file_put_contents(C:/xampp/htdocs/sr-transfers/assets/cache/google_reviews_cache.json): Failed to open stream: No such file or directory
[2025-11-13 06:34:32] (ERROR @ C:\xampp\htdocs\sr-transfers\core\cache\includes\elements\modx\revolution\modsnippet\1.include.cache.php : 23) PHP warning: file_put_contents(C:/xampp/htdocs/sr-transfers/assets/cache/google_reviews_cache.json): Failed to open stream: No such file or directory
[2025-11-13 06:37:30] (ERROR @ C:\xampp\htdocs\sr-transfers\core\cache\includes\elements\modx\revolution\modsnippet\1.include.cache.php : 23) PHP warning: file_put_contents(C:/xampp/htdocs/sr-transfers/assets/cache/google_reviews_cache.json): Failed to open stream: No such file or directory
[2025-11-13 06:38:36] (ERROR @ C:\xampp\htdocs\sr-transfers\core\cache\includes\elements\modx\revolution\modsnippet\1.include.cache.php : 23) PHP warning: file_put_contents(C:/xampp/htdocs/sr-transfers/assets/cache/google_reviews_cache.json): Failed to open stream: No such file or directory
[2025-11-13 06:39:33] (ERROR @ C:\xampp\htdocs\sr-transfers\core\cache\includes\elements\modx\revolution\modsnippet\1.include.cache.php : 23) PHP warning: file_put_contents(C:/xampp/htdocs/sr-transfers/assets/cache/google_reviews_cache.json): Failed to open stream: No such file or directory
[2025-11-13 06:42:47] (ERROR @ C:\xampp\htdocs\sr-transfers\core\cache\includes\elements\modx\revolution\modsnippet\1.include.cache.php : 23) PHP warning: file_put_contents(C:/xampp/htdocs/sr-transfers/assets/cache/google_reviews_cache.json): Failed to open stream: No such file or directory
[2025-11-13 06:44:31] (ERROR @ C:\xampp\htdocs\sr-transfers\core\cache\includes\elements\modx\revolution\modsnippet\1.include.cache.php : 23) PHP warning: file_put_contents(C:/xampp/htdocs/sr-transfers/assets/cache/google_reviews_cache.json): Failed to open stream: No such file or directory
[2025-11-13 06:49:59] (ERROR @ C:\xampp\htdocs\sr-transfers\core\cache\includes\elements\modx\revolution\modsnippet\1.include.cache.php : 23) PHP warning: file_put_contents(C:/xampp/htdocs/sr-transfers/assets/cache/google_reviews_cache.json): Failed to open stream: No such file or directory
[2025-11-13 06:51:31] (ERROR @ C:\xampp\htdocs\sr-transfers\core\cache\includes\elements\modx\revolution\modsnippet\1.include.cache.php : 23) PHP warning: file_put_contents(C:/xampp/htdocs/sr-transfers/assets/cache/google_reviews_cache.json): Failed to open stream: No such file or directory
[2025-11-13 06:59:12] (ERROR @ C:\xampp\htdocs\sr-transfers\core\cache\includes\elements\modx\revolution\modsnippet\1.include.cache.php : 23) PHP warning: file_put_contents(C:/xampp/htdocs/sr-transfers/assets/cache/google_reviews_cache.json): Failed to open stream: No such file or directory
[2025-11-13 07:23:56] (ERROR @ C:\xampp\htdocs\sr-transfers\core\cache\includes\elements\modx\revolution\modsnippet\1.include.cache.php : 23) PHP warning: file_put_contents(C:/xampp/htdocs/sr-transfers/assets/cache/google_reviews_cache.json): Failed to open stream: No such file or directory
[2025-11-13 07:25:55] (ERROR @ C:\xampp\htdocs\sr-transfers\core\cache\includes\elements\modx\revolution\modsnippet\1.include.cache.php : 23) PHP warning: file_put_contents(C:/xampp/htdocs/sr-transfers/assets/cache/google_reviews_cache.json): Failed to open stream: No such file or directory
[2025-11-13 07:26:07] (ERROR @ C:\xampp\htdocs\sr-transfers\core\cache\includes\elements\modx\revolution\modsnippet\1.include.cache.php : 23) PHP warning: file_put_contents(C:/xampp/htdocs/sr-transfers/assets/cache/google_reviews_cache.json): Failed to open stream: No such file or directory
[2025-11-13 07:33:35] (ERROR @ C:\xampp\htdocs\sr-transfers\core\cache\includes\elements\modx\revolution\modsnippet\1.include.cache.php : 23) PHP warning: file_put_contents(C:/xampp/htdocs/sr-transfers/assets/cache/google_reviews_cache.json): Failed to open stream: No such file or directory
[2025-11-13 07:33:59] (ERROR @ C:\xampp\htdocs\sr-transfers\core\cache\includes\elements\modx\revolution\modsnippet\1.include.cache.php : 23) PHP warning: file_put_contents(C:/xampp/htdocs/sr-transfers/assets/cache/google_reviews_cache.json): Failed to open stream: No such file or directory
[2025-11-13 07:35:27] (ERROR @ C:\xampp\htdocs\sr-transfers\core\cache\includes\elements\modx\revolution\modsnippet\1.include.cache.php : 23) PHP warning: file_put_contents(C:/xampp/htdocs/sr-transfers/assets/cache/google_reviews_cache.json): Failed to open stream: No such file or directory
[2025-11-13 07:36:02] (ERROR @ C:\xampp\htdocs\sr-transfers\core\cache\includes\elements\modx\revolution\modsnippet\1.include.cache.php : 23) PHP warning: file_put_contents(C:/xampp/htdocs/sr-transfers/assets/cache/google_reviews_cache.json): Failed to open stream: No such file or directory
[2025-11-13 07:38:41] (ERROR @ C:\xampp\htdocs\sr-transfers\core\cache\includes\elements\modx\revolution\modsnippet\1.include.cache.php : 23) PHP warning: file_put_contents(C:/xampp/htdocs/sr-transfers/assets/cache/google_reviews_cache.json): Failed to open stream: No such file or directory
[2025-11-13 07:39:47] (ERROR @ C:\xampp\htdocs\sr-transfers\core\cache\includes\elements\modx\revolution\modsnippet\1.include.cache.php : 23) PHP warning: file_put_contents(C:/xampp/htdocs/sr-transfers/assets/cache/google_reviews_cache.json): Failed to open stream: No such file or directory
[2025-11-13 07:43:53] (ERROR @ C:\xampp\htdocs\sr-transfers\core\cache\includes\elements\modx\revolution\modsnippet\1.include.cache.php : 23) PHP warning: file_put_contents(C:/xampp/htdocs/sr-transfers/assets/cache/google_reviews_cache.json): Failed to open stream: No such file or directory
[2025-11-13 07:44:36] (ERROR @ C:\xampp\htdocs\sr-transfers\core\cache\includes\elements\modx\revolution\modsnippet\1.include.cache.php : 23) PHP warning: file_put_contents(C:/xampp/htdocs/sr-transfers/assets/cache/google_reviews_cache.json): Failed to open stream: No such file or directory
[2025-11-13 07:45:51] (ERROR @ C:\xampp\htdocs\sr-transfers\core\cache\includes\elements\modx\revolution\modsnippet\1.include.cache.php : 23) PHP warning: file_put_contents(C:/xampp/htdocs/sr-transfers/assets/cache/google_reviews_cache.json): Failed to open stream: No such file or directory
[2025-11-13 07:46:19] (ERROR @ C:\xampp\htdocs\sr-transfers\core\cache\includes\elements\modx\revolution\modsnippet\1.include.cache.php : 23) PHP warning: file_put_contents(C:/xampp/htdocs/sr-transfers/assets/cache/google_reviews_cache.json): Failed to open stream: No such file or directory
[2025-11-13 07:50:24] (ERROR @ C:\xampp\htdocs\sr-transfers\core\cache\includes\elements\modx\revolution\modsnippet\1.include.cache.php : 23) PHP warning: file_put_contents(C:/xampp/htdocs/sr-transfers/assets/cache/google_reviews_cache.json): Failed to open stream: No such file or directory
[2025-11-13 07:50:31] (ERROR @ C:\xampp\htdocs\sr-transfers\core\cache\includes\elements\modx\revolution\modsnippet\1.include.cache.php : 23) PHP warning: file_put_contents(C:/xampp/htdocs/sr-transfers/assets/cache/google_reviews_cache.json): Failed to open stream: No such file or directory
[2025-11-13 07:51:11] (ERROR @ C:\xampp\htdocs\sr-transfers\core\cache\includes\elements\modx\revolution\modsnippet\1.include.cache.php : 23) PHP warning: file_put_contents(C:/xampp/htdocs/sr-transfers/assets/cache/google_reviews_cache.json): Failed to open stream: No such file or directory
[2025-11-13 07:51:53] (ERROR @ C:\xampp\htdocs\sr-transfers\core\cache\includes\elements\modx\revolution\modsnippet\1.include.cache.php : 23) PHP warning: file_put_contents(C:/xampp/htdocs/sr-transfers/assets/cache/google_reviews_cache.json): Failed to open stream: No such file or directory
[2025-11-13 07:52:43] (ERROR @ C:\xampp\htdocs\sr-transfers\core\cache\includes\elements\modx\revolution\modsnippet\1.include.cache.php : 23) PHP warning: file_put_contents(C:/xampp/htdocs/sr-transfers/assets/cache/google_reviews_cache.json): Failed to open stream: No such file or directory
[2025-11-13 07:54:46] (ERROR @ C:\xampp\htdocs\sr-transfers\core\cache\includes\elements\modx\revolution\modsnippet\1.include.cache.php : 23) PHP warning: file_put_contents(C:/xampp/htdocs/sr-transfers/assets/cache/google_reviews_cache.json): Failed to open stream: No such file or directory
[2025-11-13 07:56:02] (ERROR @ C:\xampp\htdocs\sr-transfers\core\cache\includes\elements\modx\revolution\modsnippet\1.include.cache.php : 23) PHP warning: file_put_contents(C:/xampp/htdocs/sr-transfers/assets/cache/google_reviews_cache.json): Failed to open stream: No such file or directory
[2025-11-13 07:57:06] (ERROR @ C:\xampp\htdocs\sr-transfers\core\cache\includes\elements\modx\revolution\modsnippet\1.include.cache.php : 23) PHP warning: file_put_contents(C:/xampp/htdocs/sr-transfers/assets/cache/google_reviews_cache.json): Failed to open stream: No such file or directory
[2025-11-13 08:07:45] (ERROR @ C:\xampp\htdocs\sr-transfers\core\cache\includes\elements\modx\revolution\modsnippet\1.include.cache.php : 23) PHP warning: file_put_contents(C:/xampp/htdocs/sr-transfers/assets/cache/google_reviews_cache.json): Failed to open stream: No such file or directory
[2025-11-13 08:16:21] (ERROR @ C:\xampp\htdocs\sr-transfers\core\cache\includes\elements\modx\revolution\modsnippet\1.include.cache.php : 23) PHP warning: file_put_contents(C:/xampp/htdocs/sr-transfers/assets/cache/google_reviews_cache.json): Failed to open stream: No such file or directory
[2025-11-13 08:20:45] (ERROR @ C:\xampp\htdocs\sr-transfers\core\cache\includes\elements\modx\revolution\modsnippet\1.include.cache.php : 23) PHP warning: file_put_contents(C:/xampp/htdocs/sr-transfers/assets/cache/google_reviews_cache.json): Failed to open stream: No such file or directory
[2025-11-13 08:21:05] (ERROR @ C:\xampp\htdocs\sr-transfers\core\cache\includes\elements\modx\revolution\modsnippet\1.include.cache.php : 23) PHP warning: file_put_contents(C:/xampp/htdocs/sr-transfers/assets/cache/google_reviews_cache.json): Failed to open stream: No such file or directory
[2025-11-13 08:25:16] (ERROR @ C:\xampp\htdocs\sr-transfers\core\cache\includes\elements\modx\revolution\modsnippet\1.include.cache.php : 23) PHP warning: file_put_contents(C:/xampp/htdocs/sr-transfers/assets/cache/google_reviews_cache.json): Failed to open stream: No such file or directory
[2025-11-13 08:29:31] (ERROR @ C:\xampp\htdocs\sr-transfers\core\cache\includes\elements\modx\revolution\modsnippet\1.include.cache.php : 23) PHP warning: file_put_contents(C:/xampp/htdocs/sr-transfers/assets/cache/google_reviews_cache.json): Failed to open stream: No such file or directory
[2025-11-13 08:30:59] (ERROR @ C:\xampp\htdocs\sr-transfers\core\cache\includes\elements\modx\revolution\modsnippet\1.include.cache.php : 23) PHP warning: file_put_contents(C:/xampp/htdocs/sr-transfers/assets/cache/google_reviews_cache.json): Failed to open stream: No such file or directory
[2025-11-13 08:31:14] (ERROR @ C:\xampp\htdocs\sr-transfers\core\cache\includes\elements\modx\revolution\modsnippet\1.include.cache.php : 23) PHP warning: file_put_contents(C:/xampp/htdocs/sr-transfers/assets/cache/google_reviews_cache.json): Failed to open stream: No such file or directory
[2025-11-13 09:25:55] (ERROR @ C:\xampp\htdocs\sr-transfers\core\cache\includes\elements\modx\revolution\modsnippet\1.include.cache.php : 23) PHP warning: file_put_contents(C:/xampp/htdocs/sr-transfers/assets/cache/google_reviews_cache.json): Failed to open stream: No such file or directory
[2025-11-13 09:26:27] (ERROR @ C:\xampp\htdocs\sr-transfers\core\cache\includes\elements\modx\revolution\modsnippet\1.include.cache.php : 23) PHP warning: file_put_contents(C:/xampp/htdocs/sr-transfers/assets/cache/google_reviews_cache.json): Failed to open stream: No such file or directory
[2025-11-13 11:43:51] (ERROR @ C:\xampp\htdocs\sr-transfers\core\cache\includes\elements\modx\revolution\modsnippet\1.include.cache.php : 23) PHP warning: file_put_contents(C:/xampp/htdocs/sr-transfers/assets/cache/google_reviews_cache.json): Failed to open stream: No such file or directory
[2025-11-13 12:30:17] (ERROR @ C:\xampp\htdocs\sr-transfers\core\cache\includes\elements\modx\revolution\modsnippet\1.include.cache.php : 23) PHP warning: file_put_contents(C:/xampp/htdocs/sr-transfers/assets/cache/google_reviews_cache.json): Failed to open stream: No such file or directory
[2025-11-13 12:41:52] (ERROR @ C:\xampp\htdocs\sr-transfers\core\cache\includes\elements\modx\revolution\modsnippet\1.include.cache.php : 23) PHP warning: file_put_contents(C:/xampp/htdocs/sr-transfers/assets/cache/google_reviews_cache.json): Failed to open stream: No such file or directory
[2025-11-13 12:42:54] (ERROR @ C:\xampp\htdocs\sr-transfers\core\cache\includes\elements\modx\revolution\modsnippet\1.include.cache.php : 23) PHP warning: file_put_contents(C:/xampp/htdocs/sr-transfers/assets/cache/google_reviews_cache.json): Failed to open stream: No such file or directory
[2025-11-13 12:43:15] (ERROR @ C:\xampp\htdocs\sr-transfers\core\cache\includes\elements\modx\revolution\modsnippet\1.include.cache.php : 23) PHP warning: file_put_contents(C:/xampp/htdocs/sr-transfers/assets/cache/google_reviews_cache.json): Failed to open stream: No such file or directory
[2025-11-13 12:43:32] (ERROR @ C:\xampp\htdocs\sr-transfers\core\cache\includes\elements\modx\revolution\modsnippet\1.include.cache.php : 23) PHP warning: file_put_contents(C:/xampp/htdocs/sr-transfers/assets/cache/google_reviews_cache.json): Failed to open stream: No such file or directory
[2025-11-13 12:45:11] (ERROR @ C:\xampp\htdocs\sr-transfers\core\cache\includes\elements\modx\revolution\modsnippet\1.include.cache.php : 23) PHP warning: file_put_contents(C:/xampp/htdocs/sr-transfers/assets/cache/google_reviews_cache.json): Failed to open stream: No such file or directory
[2025-11-13 12:53:18] (ERROR @ C:\xampp\htdocs\sr-transfers\core\cache\includes\elements\modx\revolution\modsnippet\1.include.cache.php : 23) PHP warning: file_put_contents(C:/xampp/htdocs/sr-transfers/assets/cache/google_reviews_cache.json): Failed to open stream: No such file or directory
[2025-11-13 12:54:27] (ERROR @ C:\xampp\htdocs\sr-transfers\core\cache\includes\elements\modx\revolution\modsnippet\1.include.cache.php : 23) PHP warning: file_put_contents(C:/xampp/htdocs/sr-transfers/assets/cache/google_reviews_cache.json): Failed to open stream: No such file or directory
[2025-11-13 12:57:09] (ERROR @ C:\xampp\htdocs\sr-transfers\core\cache\includes\elements\modx\revolution\modsnippet\1.include.cache.php : 23) PHP warning: file_put_contents(C:/xampp/htdocs/sr-transfers/assets/cache/google_reviews_cache.json): Failed to open stream: No such file or directory
[2025-11-13 12:57:46] (ERROR @ C:\xampp\htdocs\sr-transfers\core\cache\includes\elements\modx\revolution\modsnippet\1.include.cache.php : 23) PHP warning: file_put_contents(C:/xampp/htdocs/sr-transfers/assets/cache/google_reviews_cache.json): Failed to open stream: No such file or directory
[2025-11-13 12:58:44] (ERROR @ C:\xampp\htdocs\sr-transfers\core\cache\includes\elements\modx\revolution\modsnippet\1.include.cache.php : 23) PHP warning: file_put_contents(C:/xampp/htdocs/sr-transfers/assets/cache/google_reviews_cache.json): Failed to open stream: No such file or directory
[2025-11-13 13:01:23] (ERROR @ C:\xampp\htdocs\sr-transfers\core\cache\includes\elements\modx\revolution\modsnippet\1.include.cache.php : 23) PHP warning: file_put_contents(C:/xampp/htdocs/sr-transfers/assets/cache/google_reviews_cache.json): Failed to open stream: No such file or directory
[2025-11-13 13:02:02] (ERROR @ C:\xampp\htdocs\sr-transfers\core\cache\includes\elements\modx\revolution\modsnippet\1.include.cache.php : 23) PHP warning: file_put_contents(C:/xampp/htdocs/sr-transfers/assets/cache/google_reviews_cache.json): Failed to open stream: No such file or directory
[2025-11-13 13:02:15] (ERROR @ C:\xampp\htdocs\sr-transfers\core\cache\includes\elements\modx\revolution\modsnippet\1.include.cache.php : 23) PHP warning: file_put_contents(C:/xampp/htdocs/sr-transfers/assets/cache/google_reviews_cache.json): Failed to open stream: No such file or directory
[2025-11-13 13:05:40] (ERROR @ C:\xampp\htdocs\sr-transfers\core\cache\includes\elements\modx\revolution\modsnippet\1.include.cache.php : 23) PHP warning: file_put_contents(C:/xampp/htdocs/sr-transfers/assets/cache/google_reviews_cache.json): Failed to open stream: No such file or directory
[2025-11-13 13:08:49] (ERROR @ C:\xampp\htdocs\sr-transfers\core\cache\includes\elements\modx\revolution\modsnippet\1.include.cache.php : 23) PHP warning: file_put_contents(C:/xampp/htdocs/sr-transfers/assets/cache/google_reviews_cache.json): Failed to open stream: No such file or directory
[2025-11-13 13:08:49] (ERROR @ C:\xampp\htdocs\sr-transfers\core\cache\includes\elements\modx\revolution\modsnippet\1.include.cache.php : 23) PHP warning: file_put_contents(C:/xampp/htdocs/sr-transfers/assets/cache/google_reviews_cache.json): Failed to open stream: No such file or directory
[2025-11-13 13:10:01] (ERROR @ C:\xampp\htdocs\sr-transfers\core\cache\includes\elements\modx\revolution\modsnippet\1.include.cache.php : 23) PHP warning: file_put_contents(C:/xampp/htdocs/sr-transfers/assets/cache/google_reviews_cache.json): Failed to open stream: No such file or directory
[2025-11-13 13:13:29] (ERROR @ C:\xampp\htdocs\sr-transfers\core\cache\includes\elements\modx\revolution\modsnippet\1.include.cache.php : 23) PHP warning: file_put_contents(C:/xampp/htdocs/sr-transfers/assets/cache/google_reviews_cache.json): Failed to open stream: No such file or directory
[2025-11-13 13:14:48] (ERROR @ C:\xampp\htdocs\sr-transfers\core\cache\includes\elements\modx\revolution\modsnippet\1.include.cache.php : 23) PHP warning: file_put_contents(C:/xampp/htdocs/sr-transfers/assets/cache/google_reviews_cache.json): Failed to open stream: No such file or directory
[2025-11-13 13:14:48] (ERROR @ C:\xampp\htdocs\sr-transfers\core\cache\includes\elements\modx\revolution\modsnippet\1.include.cache.php : 23) PHP warning: file_put_contents(C:/xampp/htdocs/sr-transfers/assets/cache/google_reviews_cache.json): Failed to open stream: No such file or directory
[2025-11-13 13:16:12] (ERROR @ C:\xampp\htdocs\sr-transfers\core\cache\includes\elements\modx\revolution\modsnippet\1.include.cache.php : 23) PHP warning: file_put_contents(C:/xampp/htdocs/sr-transfers/assets/cache/google_reviews_cache.json): Failed to open stream: No such file or directory
[2025-11-13 13:23:32] (ERROR @ C:\xampp\htdocs\sr-transfers\core\cache\includes\elements\modx\revolution\modsnippet\1.include.cache.php : 23) PHP warning: file_put_contents(C:/xampp/htdocs/sr-transfers/assets/cache/google_reviews_cache.json): Failed to open stream: No such file or directory
[2025-11-14 04:42:08] (ERROR @ C:\xampp\htdocs\sr-transfers\core\cache\includes\elements\modx\revolution\modsnippet\1.include.cache.php : 23) PHP warning: file_put_contents(C:/xampp/htdocs/sr-transfers/assets/cache/google_reviews_cache.json): Failed to open stream: No such file or directory
[2025-11-14 04:43:53] (ERROR @ C:\xampp\htdocs\sr-transfers\core\cache\includes\elements\modx\revolution\modsnippet\1.include.cache.php : 23) PHP warning: file_put_contents(C:/xampp/htdocs/sr-transfers/assets/cache/google_reviews_cache.json): Failed to open stream: No such file or directory
[2025-11-14 04:44:09] (ERROR @ C:\xampp\htdocs\sr-transfers\core\cache\includes\elements\modx\revolution\modsnippet\1.include.cache.php : 23) PHP warning: file_put_contents(C:/xampp/htdocs/sr-transfers/assets/cache/google_reviews_cache.json): Failed to open stream: No such file or directory
[2025-11-14 04:58:28] (ERROR @ C:\xampp\htdocs\sr-transfers\core\cache\includes\elements\modx\revolution\modsnippet\1.include.cache.php : 23) PHP warning: file_put_contents(C:/xampp/htdocs/sr-transfers/assets/cache/google_reviews_cache.json): Failed to open stream: No such file or directory
[2025-11-14 04:58:35] (ERROR @ C:\xampp\htdocs\sr-transfers\core\src\Revolution\modParser.php : 512) Could not find snippet with name ShowAddons.
[2025-11-14 04:58:35] (ERROR @ C:\xampp\htdocs\sr-transfers\core\src\Revolution\modParser.php : 512) Could not find snippet with name ShowAddons.
[2025-11-14 04:58:35] (ERROR @ C:\xampp\htdocs\sr-transfers\core\src\Revolution\modParser.php : 512) Could not find snippet with name ShowAddons.
[2025-11-14 04:59:00] (ERROR @ C:\xampp\htdocs\sr-transfers\core\src\Revolution\modParser.php : 512) Could not find snippet with name ShowAddons.
[2025-11-14 04:59:00] (ERROR @ C:\xampp\htdocs\sr-transfers\core\src\Revolution\modParser.php : 512) Could not find snippet with name ShowAddons.
[2025-11-14 04:59:00] (ERROR @ C:\xampp\htdocs\sr-transfers\core\src\Revolution\modParser.php : 512) Could not find snippet with name ShowAddons.
[2025-11-14 05:09:19] (ERROR @ C:\xampp\htdocs\sr-transfers\core\cache\includes\elements\modx\revolution\modsnippet\1.include.cache.php : 23) PHP warning: file_put_contents(C:/xampp/htdocs/sr-transfers/assets/cache/google_reviews_cache.json): Failed to open stream: No such file or directory
[2025-11-14 05:09:34] (ERROR @ C:\xampp\htdocs\sr-transfers\core\src\Revolution\modParser.php : 512) Could not find snippet with name ShowAddons.
[2025-11-14 05:09:34] (ERROR @ C:\xampp\htdocs\sr-transfers\core\src\Revolution\modParser.php : 512) Could not find snippet with name ShowAddons.
[2025-11-14 05:09:34] (ERROR @ C:\xampp\htdocs\sr-transfers\core\src\Revolution\modParser.php : 512) Could not find snippet with name ShowAddons.
[2025-11-14 05:12:33] (ERROR @ C:\xampp\htdocs\sr-transfers\core\src\Revolution\modParser.php : 512) Could not find snippet with name ShowAddons.
[2025-11-14 05:12:33] (ERROR @ C:\xampp\htdocs\sr-transfers\core\src\Revolution\modParser.php : 512) Could not find snippet with name ShowAddons.
[2025-11-14 05:12:33] (ERROR @ C:\xampp\htdocs\sr-transfers\core\src\Revolution\modParser.php : 512) Could not find snippet with name ShowAddons.
[2025-11-14 05:13:04] (ERROR @ C:\xampp\htdocs\sr-transfers\core\cache\includes\elements\modx\revolution\modsnippet\1.include.cache.php : 23) PHP warning: file_put_contents(C:/xampp/htdocs/sr-transfers/assets/cache/google_reviews_cache.json): Failed to open stream: No such file or directory
[2025-11-14 05:18:30] (ERROR @ C:\xampp\htdocs\sr-transfers\core\cache\includes\elements\modx\revolution\modsnippet\1.include.cache.php : 23) PHP warning: file_put_contents(C:/xampp/htdocs/sr-transfers/assets/cache/google_reviews_cache.json): Failed to open stream: No such file or directory
[2025-11-14 05:18:39] (ERROR @ C:\xampp\htdocs\sr-transfers\core\src\Revolution\modParser.php : 512) Could not find snippet with name ShowAddons.
[2025-11-14 05:18:39] (ERROR @ C:\xampp\htdocs\sr-transfers\core\src\Revolution\modParser.php : 512) Could not find snippet with name ShowAddons.
[2025-11-14 05:18:39] (ERROR @ C:\xampp\htdocs\sr-transfers\core\src\Revolution\modParser.php : 512) Could not find snippet with name ShowAddons.
[2025-11-14 05:24:41] (ERROR @ C:\xampp\htdocs\sr-transfers\core\src\Revolution\modParser.php : 512) Could not find snippet with name ShowAddons.
[2025-11-14 05:24:41] (ERROR @ C:\xampp\htdocs\sr-transfers\core\src\Revolution\modParser.php : 512) Could not find snippet with name ShowAddons.
[2025-11-14 05:24:41] (ERROR @ C:\xampp\htdocs\sr-transfers\core\src\Revolution\modParser.php : 512) Could not find snippet with name ShowAddons.
[2025-11-14 05:26:37] (ERROR @ C:\xampp\htdocs\sr-transfers\core\src\Revolution\modParser.php : 512) Could not find snippet with name ShowAddons.
[2025-11-14 05:26:37] (ERROR @ C:\xampp\htdocs\sr-transfers\core\src\Revolution\modParser.php : 512) Could not find snippet with name ShowAddons.
[2025-11-14 05:26:37] (ERROR @ C:\xampp\htdocs\sr-transfers\core\src\Revolution\modParser.php : 512) Could not find snippet with name ShowAddons.
[2025-11-14 05:27:41] (ERROR @ C:\xampp\htdocs\sr-transfers\core\src\Revolution\modParser.php : 512) Could not find snippet with name ShowVehicleData.
[2025-11-14 05:27:41] (ERROR @ C:\xampp\htdocs\sr-transfers\core\src\Revolution\modParser.php : 512) Could not find snippet with name ShowAddons.
[2025-11-14 05:27:41] (ERROR @ C:\xampp\htdocs\sr-transfers\core\src\Revolution\modParser.php : 512) Could not find snippet with name ShowCountries.
[2025-11-14 05:27:41] (ERROR @ C:\xampp\htdocs\sr-transfers\core\src\Revolution\modParser.php : 512) Could not find snippet with name ShowVehicleData.
[2025-11-14 05:27:41] (ERROR @ C:\xampp\htdocs\sr-transfers\core\src\Revolution\modParser.php : 512) Could not find snippet with name ShowAddons.
[2025-11-14 05:27:41] (ERROR @ C:\xampp\htdocs\sr-transfers\core\src\Revolution\modParser.php : 512) Could not find snippet with name ShowCountries.
[2025-11-14 05:27:41] (ERROR @ C:\xampp\htdocs\sr-transfers\core\src\Revolution\modParser.php : 512) Could not find snippet with name ShowVehicleData.
[2025-11-14 05:27:41] (ERROR @ C:\xampp\htdocs\sr-transfers\core\src\Revolution\modParser.php : 512) Could not find snippet with name ShowAddons.
[2025-11-14 05:27:41] (ERROR @ C:\xampp\htdocs\sr-transfers\core\src\Revolution\modParser.php : 512) Could not find snippet with name ShowCountries.
[2025-11-14 05:30:12] (ERROR @ C:\xampp\htdocs\sr-transfers\core\src\Revolution\modParser.php : 512) Could not find snippet with name ShowVehicleData.
[2025-11-14 05:30:12] (ERROR @ C:\xampp\htdocs\sr-transfers\core\src\Revolution\modParser.php : 512) Could not find snippet with name ShowAddons.
[2025-11-14 05:30:12] (ERROR @ C:\xampp\htdocs\sr-transfers\core\src\Revolution\modParser.php : 512) Could not find snippet with name ShowCountries.
[2025-11-14 05:30:12] (ERROR @ C:\xampp\htdocs\sr-transfers\core\src\Revolution\modParser.php : 512) Could not find snippet with name ShowVehicleData.
[2025-11-14 05:30:12] (ERROR @ C:\xampp\htdocs\sr-transfers\core\src\Revolution\modParser.php : 512) Could not find snippet with name ShowAddons.
[2025-11-14 05:30:12] (ERROR @ C:\xampp\htdocs\sr-transfers\core\src\Revolution\modParser.php : 512) Could not find snippet with name ShowCountries.
[2025-11-14 05:30:12] (ERROR @ C:\xampp\htdocs\sr-transfers\core\src\Revolution\modParser.php : 512) Could not find snippet with name ShowVehicleData.
[2025-11-14 05:30:12] (ERROR @ C:\xampp\htdocs\sr-transfers\core\src\Revolution\modParser.php : 512) Could not find snippet with name ShowAddons.
[2025-11-14 05:30:12] (ERROR @ C:\xampp\htdocs\sr-transfers\core\src\Revolution\modParser.php : 512) Could not find snippet with name ShowCountries.
[2025-11-14 05:30:55] (ERROR @ C:\xampp\htdocs\sr-transfers\core\src\Revolution\modParser.php : 512) Could not find snippet with name ShowVehicleData.
[2025-11-14 05:30:55] (ERROR @ C:\xampp\htdocs\sr-transfers\core\src\Revolution\modParser.php : 512) Could not find snippet with name ShowAddons.
[2025-11-14 05:30:55] (ERROR @ C:\xampp\htdocs\sr-transfers\core\src\Revolution\modParser.php : 512) Could not find snippet with name ShowCountries.
[2025-11-14 05:30:55] (ERROR @ C:\xampp\htdocs\sr-transfers\core\src\Revolution\modParser.php : 512) Could not find snippet with name ShowVehicleData.
[2025-11-14 05:30:55] (ERROR @ C:\xampp\htdocs\sr-transfers\core\src\Revolution\modParser.php : 512) Could not find snippet with name ShowAddons.
[2025-11-14 05:30:55] (ERROR @ C:\xampp\htdocs\sr-transfers\core\src\Revolution\modParser.php : 512) Could not find snippet with name ShowCountries.
[2025-11-14 05:30:55] (ERROR @ C:\xampp\htdocs\sr-transfers\core\src\Revolution\modParser.php : 512) Could not find snippet with name ShowVehicleData.
[2025-11-14 05:30:55] (ERROR @ C:\xampp\htdocs\sr-transfers\core\src\Revolution\modParser.php : 512) Could not find snippet with name ShowAddons.
[2025-11-14 05:30:55] (ERROR @ C:\xampp\htdocs\sr-transfers\core\src\Revolution\modParser.php : 512) Could not find snippet with name ShowCountries.
[2025-11-14 05:30:58] (ERROR @ C:\xampp\htdocs\sr-transfers\core\src\Revolution\modParser.php : 512) Could not find snippet with name ShowVehicleData.
[2025-11-14 05:30:58] (ERROR @ C:\xampp\htdocs\sr-transfers\core\src\Revolution\modParser.php : 512) Could not find snippet with name ShowAddons.
[2025-11-14 05:30:58] (ERROR @ C:\xampp\htdocs\sr-transfers\core\src\Revolution\modParser.php : 512) Could not find snippet with name ShowCountries.
[2025-11-14 05:30:58] (ERROR @ C:\xampp\htdocs\sr-transfers\core\src\Revolution\modParser.php : 512) Could not find snippet with name ShowVehicleData.
[2025-11-14 05:30:58] (ERROR @ C:\xampp\htdocs\sr-transfers\core\src\Revolution\modParser.php : 512) Could not find snippet with name ShowAddons.
[2025-11-14 05:30:58] (ERROR @ C:\xampp\htdocs\sr-transfers\core\src\Revolution\modParser.php : 512) Could not find snippet with name ShowCountries.
[2025-11-14 05:30:58] (ERROR @ C:\xampp\htdocs\sr-transfers\core\src\Revolution\modParser.php : 512) Could not find snippet with name ShowVehicleData.
[2025-11-14 05:30:58] (ERROR @ C:\xampp\htdocs\sr-transfers\core\src\Revolution\modParser.php : 512) Could not find snippet with name ShowAddons.
[2025-11-14 05:30:58] (ERROR @ C:\xampp\htdocs\sr-transfers\core\src\Revolution\modParser.php : 512) Could not find snippet with name ShowCountries.
[2025-11-14 05:31:48] (ERROR @ C:\xampp\htdocs\sr-transfers\core\src\Revolution\modParser.php : 512) Could not find snippet with name ShowVehicleData.
[2025-11-14 05:31:48] (ERROR @ C:\xampp\htdocs\sr-transfers\core\src\Revolution\modParser.php : 512) Could not find snippet with name ShowAddons.
[2025-11-14 05:31:48] (ERROR @ C:\xampp\htdocs\sr-transfers\core\src\Revolution\modParser.php : 512) Could not find snippet with name ShowCountries.
[2025-11-14 05:31:48] (ERROR @ C:\xampp\htdocs\sr-transfers\core\src\Revolution\modParser.php : 512) Could not find snippet with name ShowVehicleData.
[2025-11-14 05:31:48] (ERROR @ C:\xampp\htdocs\sr-transfers\core\src\Revolution\modParser.php : 512) Could not find snippet with name ShowAddons.
[2025-11-14 05:31:48] (ERROR @ C:\xampp\htdocs\sr-transfers\core\src\Revolution\modParser.php : 512) Could not find snippet with name ShowCountries.
[2025-11-14 05:31:48] (ERROR @ C:\xampp\htdocs\sr-transfers\core\src\Revolution\modParser.php : 512) Could not find snippet with name ShowVehicleData.
[2025-11-14 05:31:48] (ERROR @ C:\xampp\htdocs\sr-transfers\core\src\Revolution\modParser.php : 512) Could not find snippet with name ShowAddons.
[2025-11-14 05:31:48] (ERROR @ C:\xampp\htdocs\sr-transfers\core\src\Revolution\modParser.php : 512) Could not find snippet with name ShowCountries.
[2025-11-14 05:32:52] (ERROR @ C:\xampp\htdocs\sr-transfers\core\cache\includes\elements\modx\revolution\modsnippet\1.include.cache.php : 23) PHP warning: file_put_contents(C:/xampp/htdocs/sr-transfers/assets/cache/google_reviews_cache.json): Failed to open stream: No such file or directory
[2025-11-14 05:33:12] (ERROR @ C:\xampp\htdocs\sr-transfers\core\src\Revolution\modParser.php : 512) Could not find snippet with name ShowVehicleData.
[2025-11-14 05:33:12] (ERROR @ C:\xampp\htdocs\sr-transfers\core\src\Revolution\modParser.php : 512) Could not find snippet with name ShowAddons.
[2025-11-14 05:33:12] (ERROR @ C:\xampp\htdocs\sr-transfers\core\src\Revolution\modParser.php : 512) Could not find snippet with name ShowCountries.
[2025-11-14 05:33:12] (ERROR @ C:\xampp\htdocs\sr-transfers\core\src\Revolution\modParser.php : 512) Could not find snippet with name ShowVehicleData.
[2025-11-14 05:33:12] (ERROR @ C:\xampp\htdocs\sr-transfers\core\src\Revolution\modParser.php : 512) Could not find snippet with name ShowAddons.
[2025-11-14 05:33:12] (ERROR @ C:\xampp\htdocs\sr-transfers\core\src\Revolution\modParser.php : 512) Could not find snippet with name ShowCountries.
[2025-11-14 05:33:12] (ERROR @ C:\xampp\htdocs\sr-transfers\core\src\Revolution\modParser.php : 512) Could not find snippet with name ShowVehicleData.
[2025-11-14 05:33:12] (ERROR @ C:\xampp\htdocs\sr-transfers\core\src\Revolution\modParser.php : 512) Could not find snippet with name ShowAddons.
[2025-11-14 05:33:12] (ERROR @ C:\xampp\htdocs\sr-transfers\core\src\Revolution\modParser.php : 512) Could not find snippet with name ShowCountries.
[2025-11-14 05:33:53] (ERROR @ C:\xampp\htdocs\sr-transfers\core\src\Revolution\modParser.php : 512) Could not find snippet with name ShowVehicleData.
[2025-11-14 05:33:53] (ERROR @ C:\xampp\htdocs\sr-transfers\core\src\Revolution\modParser.php : 512) Could not find snippet with name ShowAddons.
[2025-11-14 05:33:53] (ERROR @ C:\xampp\htdocs\sr-transfers\core\src\Revolution\modParser.php : 512) Could not find snippet with name ShowCountries.
[2025-11-14 05:33:53] (ERROR @ C:\xampp\htdocs\sr-transfers\core\src\Revolution\modParser.php : 512) Could not find snippet with name ShowVehicleData.
[2025-11-14 05:33:53] (ERROR @ C:\xampp\htdocs\sr-transfers\core\src\Revolution\modParser.php : 512) Could not find snippet with name ShowAddons.
[2025-11-14 05:33:53] (ERROR @ C:\xampp\htdocs\sr-transfers\core\src\Revolution\modParser.php : 512) Could not find snippet with name ShowCountries.
[2025-11-14 05:33:53] (ERROR @ C:\xampp\htdocs\sr-transfers\core\src\Revolution\modParser.php : 512) Could not find snippet with name ShowVehicleData.
[2025-11-14 05:33:53] (ERROR @ C:\xampp\htdocs\sr-transfers\core\src\Revolution\modParser.php : 512) Could not find snippet with name ShowAddons.
[2025-11-14 05:33:53] (ERROR @ C:\xampp\htdocs\sr-transfers\core\src\Revolution\modParser.php : 512) Could not find snippet with name ShowCountries.
[2025-11-14 05:34:00] (ERROR @ C:\xampp\htdocs\sr-transfers\core\src\Revolution\modParser.php : 512) Could not find snippet with name ShowVehicleData.
[2025-11-14 05:34:00] (ERROR @ C:\xampp\htdocs\sr-transfers\core\src\Revolution\modParser.php : 512) Could not find snippet with name ShowAddons.
[2025-11-14 05:34:00] (ERROR @ C:\xampp\htdocs\sr-transfers\core\src\Revolution\modParser.php : 512) Could not find snippet with name ShowCountries.
[2025-11-14 05:34:00] (ERROR @ C:\xampp\htdocs\sr-transfers\core\src\Revolution\modParser.php : 512) Could not find snippet with name ShowVehicleData.
[2025-11-14 05:34:00] (ERROR @ C:\xampp\htdocs\sr-transfers\core\src\Revolution\modParser.php : 512) Could not find snippet with name ShowAddons.
[2025-11-14 05:34:00] (ERROR @ C:\xampp\htdocs\sr-transfers\core\src\Revolution\modParser.php : 512) Could not find snippet with name ShowCountries.
[2025-11-14 05:34:00] (ERROR @ C:\xampp\htdocs\sr-transfers\core\src\Revolution\modParser.php : 512) Could not find snippet with name ShowVehicleData.
[2025-11-14 05:34:00] (ERROR @ C:\xampp\htdocs\sr-transfers\core\src\Revolution\modParser.php : 512) Could not find snippet with name ShowAddons.
[2025-11-14 05:34:00] (ERROR @ C:\xampp\htdocs\sr-transfers\core\src\Revolution\modParser.php : 512) Could not find snippet with name ShowCountries.
[2025-11-14 05:34:08] (ERROR @ C:\xampp\htdocs\sr-transfers\core\src\Revolution\modParser.php : 512) Could not find snippet with name ShowVehicleData.
[2025-11-14 05:34:08] (ERROR @ C:\xampp\htdocs\sr-transfers\core\src\Revolution\modParser.php : 512) Could not find snippet with name ShowAddons.
[2025-11-14 05:34:08] (ERROR @ C:\xampp\htdocs\sr-transfers\core\src\Revolution\modParser.php : 512) Could not find snippet with name ShowCountries.
[2025-11-14 05:34:08] (ERROR @ C:\xampp\htdocs\sr-transfers\core\src\Revolution\modParser.php : 512) Could not find snippet with name ShowVehicleData.
[2025-11-14 05:34:08] (ERROR @ C:\xampp\htdocs\sr-transfers\core\src\Revolution\modParser.php : 512) Could not find snippet with name ShowAddons.
[2025-11-14 05:34:08] (ERROR @ C:\xampp\htdocs\sr-transfers\core\src\Revolution\modParser.php : 512) Could not find snippet with name ShowCountries.
[2025-11-14 05:34:08] (ERROR @ C:\xampp\htdocs\sr-transfers\core\src\Revolution\modParser.php : 512) Could not find snippet with name ShowVehicleData.
[2025-11-14 05:34:08] (ERROR @ C:\xampp\htdocs\sr-transfers\core\src\Revolution\modParser.php : 512) Could not find snippet with name ShowAddons.
[2025-11-14 05:34:08] (ERROR @ C:\xampp\htdocs\sr-transfers\core\src\Revolution\modParser.php : 512) Could not find snippet with name ShowCountries.
[2025-11-14 05:35:21] (ERROR @ C:\xampp\htdocs\sr-transfers\core\src\Revolution\modParser.php : 512) Could not find snippet with name ShowVehicleData.
[2025-11-14 05:35:21] (ERROR @ C:\xampp\htdocs\sr-transfers\core\cache\includes\elements\modx\revolution\modsnippet\4.include.cache.php : 2) PHP warning: include(C:/xampp/htdocs/sr-transfers/assets/includes/db_connect.php): Failed to open stream: No such file or directory
[2025-11-14 05:35:21] (ERROR @ C:\xampp\htdocs\sr-transfers\core\cache\includes\elements\modx\revolution\modsnippet\4.include.cache.php : 2) PHP warning: include(): Failed opening 'C:/xampp/htdocs/sr-transfers/assets/includes/db_connect.php' for inclusion (include_path='C:\xampp\php\PEAR')
[2025-11-14 05:35:43] (ERROR @ C:\xampp\htdocs\sr-transfers\core\src\Revolution\modParser.php : 512) Could not find snippet with name ShowVehicleData.
[2025-11-14 05:35:43] (ERROR @ C:\xampp\htdocs\sr-transfers\core\src\Revolution\modParser.php : 512) Could not find snippet with name ShowCountries.
[2025-11-14 05:35:43] (ERROR @ C:\xampp\htdocs\sr-transfers\core\src\Revolution\modParser.php : 512) Could not find snippet with name ShowVehicleData.
[2025-11-14 05:35:43] (ERROR @ C:\xampp\htdocs\sr-transfers\core\src\Revolution\modParser.php : 512) Could not find snippet with name ShowCountries.
[2025-11-14 05:35:43] (ERROR @ C:\xampp\htdocs\sr-transfers\core\src\Revolution\modParser.php : 512) Could not find snippet with name ShowVehicleData.
[2025-11-14 05:35:43] (ERROR @ C:\xampp\htdocs\sr-transfers\core\src\Revolution\modParser.php : 512) Could not find snippet with name ShowCountries.
[2025-11-14 05:43:38] (ERROR @ C:\xampp\htdocs\sr-transfers\core\src\Revolution\modParser.php : 512) Could not find snippet with name ShowCountries.
[2025-11-14 05:43:38] (ERROR @ C:\xampp\htdocs\sr-transfers\core\src\Revolution\modParser.php : 512) Could not find snippet with name ShowCountries.
[2025-11-14 05:43:38] (ERROR @ C:\xampp\htdocs\sr-transfers\core\src\Revolution\modParser.php : 512) Could not find snippet with name ShowCountries.
[2025-11-14 05:45:36] (ERROR @ C:\xampp\htdocs\sr-transfers\core\src\Revolution\modParser.php : 512) Could not find snippet with name ShowCountries.
[2025-11-14 05:45:36] (ERROR @ C:\xampp\htdocs\sr-transfers\core\src\Revolution\modParser.php : 512) Could not find snippet with name ShowCountries.
[2025-11-14 05:45:36] (ERROR @ C:\xampp\htdocs\sr-transfers\core\src\Revolution\modParser.php : 512) Could not find snippet with name ShowCountries.
[2025-11-14 05:46:25] (ERROR @ C:\xampp\htdocs\sr-transfers\core\src\Revolution\modParser.php : 512) Could not find snippet with name ShowCountries.
[2025-11-14 05:46:25] (ERROR @ C:\xampp\htdocs\sr-transfers\core\src\Revolution\modParser.php : 512) Could not find snippet with name ShowCountries.
[2025-11-14 05:46:25] (ERROR @ C:\xampp\htdocs\sr-transfers\core\src\Revolution\modParser.php : 512) Could not find snippet with name ShowCountries.
[2025-11-14 05:46:56] (ERROR @ C:\xampp\htdocs\sr-transfers\core\src\Revolution\modParser.php : 512) Could not find snippet with name ShowCountries.
[2025-11-14 05:46:56] (ERROR @ C:\xampp\htdocs\sr-transfers\core\src\Revolution\modParser.php : 512) Could not find snippet with name ShowCountries.
[2025-11-14 05:46:56] (ERROR @ C:\xampp\htdocs\sr-transfers\core\src\Revolution\modParser.php : 512) Could not find snippet with name ShowCountries.
[2025-11-14 05:47:25] (ERROR @ C:\xampp\htdocs\sr-transfers\core\src\Revolution\modParser.php : 512) Could not find snippet with name ShowCountries.
[2025-11-14 05:47:25] (ERROR @ C:\xampp\htdocs\sr-transfers\core\src\Revolution\modParser.php : 512) Could not find snippet with name ShowCountries.
[2025-11-14 05:47:25] (ERROR @ C:\xampp\htdocs\sr-transfers\core\src\Revolution\modParser.php : 512) Could not find snippet with name ShowCountries.
[2025-11-14 05:48:36] (ERROR @ C:\xampp\htdocs\sr-transfers\core\src\Revolution\modParser.php : 512) Could not find snippet with name ShowCountries.
[2025-11-14 05:48:36] (ERROR @ C:\xampp\htdocs\sr-transfers\core\src\Revolution\modParser.php : 512) Could not find snippet with name ShowCountries.
[2025-11-14 05:48:36] (ERROR @ C:\xampp\htdocs\sr-transfers\core\src\Revolution\modParser.php : 512) Could not find snippet with name ShowCountries.
[2025-11-14 05:49:30] (ERROR @ C:\xampp\htdocs\sr-transfers\core\src\Revolution\modParser.php : 512) Could not find snippet with name ShowCountries.
[2025-11-14 05:49:30] (ERROR @ C:\xampp\htdocs\sr-transfers\core\src\Revolution\modParser.php : 512) Could not find snippet with name ShowCountries.
[2025-11-14 05:49:30] (ERROR @ C:\xampp\htdocs\sr-transfers\core\src\Revolution\modParser.php : 512) Could not find snippet with name ShowCountries.
[2025-11-14 05:51:09] (ERROR @ C:\xampp\htdocs\sr-transfers\core\src\Revolution\modParser.php : 512) Could not find snippet with name ShowCountries.
[2025-11-14 05:51:09] (ERROR @ C:\xampp\htdocs\sr-transfers\core\src\Revolution\modParser.php : 512) Could not find snippet with name ShowCountries.
[2025-11-14 05:51:09] (ERROR @ C:\xampp\htdocs\sr-transfers\core\src\Revolution\modParser.php : 512) Could not find snippet with name ShowCountries.
[2025-11-14 05:52:06] (ERROR @ C:\xampp\htdocs\sr-transfers\core\src\Revolution\modParser.php : 512) Could not find snippet with name ShowCountries.
[2025-11-14 05:52:06] (ERROR @ C:\xampp\htdocs\sr-transfers\core\src\Revolution\modParser.php : 512) Could not find snippet with name ShowCountries.
[2025-11-14 05:52:06] (ERROR @ C:\xampp\htdocs\sr-transfers\core\src\Revolution\modParser.php : 512) Could not find snippet with name ShowCountries.
[2025-11-14 05:52:48] (ERROR @ C:\xampp\htdocs\sr-transfers\core\src\Revolution\modParser.php : 512) Could not find snippet with name ShowCountries.
[2025-11-14 05:52:48] (ERROR @ C:\xampp\htdocs\sr-transfers\core\src\Revolution\modParser.php : 512) Could not find snippet with name ShowCountries.
[2025-11-14 05:52:48] (ERROR @ C:\xampp\htdocs\sr-transfers\core\src\Revolution\modParser.php : 512) Could not find snippet with name ShowCountries.
[2025-11-14 05:53:41] (ERROR @ C:\xampp\htdocs\sr-transfers\core\src\Revolution\modParser.php : 512) Could not find snippet with name ShowCountries.
[2025-11-14 05:53:41] (ERROR @ C:\xampp\htdocs\sr-transfers\core\src\Revolution\modParser.php : 512) Could not find snippet with name ShowCountries.
[2025-11-14 05:53:41] (ERROR @ C:\xampp\htdocs\sr-transfers\core\src\Revolution\modParser.php : 512) Could not find snippet with name ShowCountries.
[2025-11-14 05:55:51] (ERROR @ C:\xampp\htdocs\sr-transfers\core\src\Revolution\modParser.php : 512) Could not find snippet with name ShowCountries.
[2025-11-14 05:55:51] (ERROR @ C:\xampp\htdocs\sr-transfers\core\src\Revolution\modParser.php : 512) Could not find snippet with name ShowCountries.
[2025-11-14 05:55:51] (ERROR @ C:\xampp\htdocs\sr-transfers\core\src\Revolution\modParser.php : 512) Could not find snippet with name ShowCountries.
[2025-11-14 06:08:15] (ERROR @ C:\xampp\htdocs\sr-transfers\core\cache\includes\elements\modx\revolution\modsnippet\1.include.cache.php : 23) PHP warning: file_put_contents(C:/xampp/htdocs/sr-transfers/assets/cache/google_reviews_cache.json): Failed to open stream: No such file or directory
[2025-11-14 06:09:11] (ERROR @ C:\xampp\htdocs\sr-transfers\core\src\Revolution\modParser.php : 512) Could not find snippet with name ShowCountries.
[2025-11-14 06:09:11] (ERROR @ C:\xampp\htdocs\sr-transfers\core\src\Revolution\modParser.php : 512) Could not find snippet with name ShowCountries.
[2025-11-14 06:09:11] (ERROR @ C:\xampp\htdocs\sr-transfers\core\src\Revolution\modParser.php : 512) Could not find snippet with name ShowCountries.
[2025-11-14 06:09:13] (ERROR @ C:\xampp\htdocs\sr-transfers\core\src\Revolution\modParser.php : 512) Could not find snippet with name ShowCountries.
[2025-11-14 06:09:13] (ERROR @ C:\xampp\htdocs\sr-transfers\core\src\Revolution\modParser.php : 512) Could not find snippet with name ShowCountries.
[2025-11-14 06:09:13] (ERROR @ C:\xampp\htdocs\sr-transfers\core\src\Revolution\modParser.php : 512) Could not find snippet with name ShowCountries.
[2025-11-14 06:09:27] (ERROR @ C:\xampp\htdocs\sr-transfers\core\src\Revolution\modParser.php : 512) Could not find snippet with name ShowCountries.
[2025-11-14 06:09:27] (ERROR @ C:\xampp\htdocs\sr-transfers\core\src\Revolution\modParser.php : 512) Could not find snippet with name ShowCountries.
[2025-11-14 06:09:27] (ERROR @ C:\xampp\htdocs\sr-transfers\core\src\Revolution\modParser.php : 512) Could not find snippet with name ShowCountries.
[2025-11-14 06:12:03] (ERROR @ C:\xampp\htdocs\sr-transfers\core\src\Revolution\modParser.php : 512) Could not find snippet with name ShowCountries.
[2025-11-14 06:12:03] (ERROR @ C:\xampp\htdocs\sr-transfers\core\src\Revolution\modParser.php : 512) Could not find snippet with name ShowCountries.
[2025-11-14 06:12:03] (ERROR @ C:\xampp\htdocs\sr-transfers\core\src\Revolution\modParser.php : 512) Could not find snippet with name ShowCountries.
[2025-11-14 06:13:48] (ERROR @ C:\xampp\htdocs\sr-transfers\core\cache\includes\elements\modx\revolution\modsnippet\1.include.cache.php : 23) PHP warning: file_put_contents(C:/xampp/htdocs/sr-transfers/assets/cache/google_reviews_cache.json): Failed to open stream: No such file or directory
[2025-11-14 06:15:18] (ERROR @ C:\xampp\htdocs\sr-transfers\core\src\Revolution\modParser.php : 512) Could not find snippet with name ShowCountries.
[2025-11-14 06:15:18] (ERROR @ C:\xampp\htdocs\sr-transfers\core\src\Revolution\modParser.php : 512) Could not find snippet with name ShowCountries.
[2025-11-14 06:15:18] (ERROR @ C:\xampp\htdocs\sr-transfers\core\src\Revolution\modParser.php : 512) Could not find snippet with name ShowCountries.
[2025-11-14 06:40:42] (ERROR @ C:\xampp\htdocs\sr-transfers\core\src\Revolution\modParser.php : 512) Could not find snippet with name ShowCountries.
[2025-11-14 06:40:42] (ERROR @ C:\xampp\htdocs\sr-transfers\core\src\Revolution\modParser.php : 512) Could not find snippet with name ShowCountries.
[2025-11-14 06:40:42] (ERROR @ C:\xampp\htdocs\sr-transfers\core\src\Revolution\modParser.php : 512) Could not find snippet with name ShowCountries.
[2025-11-14 06:41:12] (ERROR @ C:\xampp\htdocs\sr-transfers\core\src\Revolution\modParser.php : 512) Could not find snippet with name ShowCountries.
[2025-11-14 06:41:12] (ERROR @ C:\xampp\htdocs\sr-transfers\core\src\Revolution\modParser.php : 512) Could not find snippet with name ShowCountries.
[2025-11-14 06:41:12] (ERROR @ C:\xampp\htdocs\sr-transfers\core\src\Revolution\modParser.php : 512) Could not find snippet with name ShowCountries.
[2025-11-14 06:51:37] (ERROR @ C:\xampp\htdocs\sr-transfers\core\src\Revolution\modParser.php : 512) Could not find snippet with name ShowCountries.
[2025-11-14 06:51:37] (ERROR @ C:\xampp\htdocs\sr-transfers\core\src\Revolution\modParser.php : 512) Could not find snippet with name ShowCountries.
[2025-11-14 06:51:37] (ERROR @ C:\xampp\htdocs\sr-transfers\core\src\Revolution\modParser.php : 512) Could not find snippet with name ShowCountries.
[2025-11-14 06:59:05] (ERROR @ C:\xampp\htdocs\sr-transfers\core\src\Revolution\modParser.php : 512) Could not find snippet with name ShowCountries.
[2025-11-14 06:59:05] (ERROR @ C:\xampp\htdocs\sr-transfers\core\src\Revolution\modParser.php : 512) Could not find snippet with name ShowCountries.
[2025-11-14 06:59:05] (ERROR @ C:\xampp\htdocs\sr-transfers\core\src\Revolution\modParser.php : 512) Could not find snippet with name ShowCountries.
[2025-11-14 07:01:41] (ERROR @ C:\xampp\htdocs\sr-transfers\core\src\Revolution\modParser.php : 512) Could not find snippet with name ShowCountries.
[2025-11-14 07:01:41] (ERROR @ C:\xampp\htdocs\sr-transfers\core\src\Revolution\modParser.php : 512) Could not find snippet with name ShowCountries.
[2025-11-14 07:01:41] (ERROR @ C:\xampp\htdocs\sr-transfers\core\src\Revolution\modParser.php : 512) Could not find snippet with name ShowCountries.
[2025-11-14 07:01:52] (ERROR @ C:\xampp\htdocs\sr-transfers\core\cache\includes\elements\modx\revolution\modsnippet\1.include.cache.php : 23) PHP warning: file_put_contents(C:/xampp/htdocs/sr-transfers/assets/cache/google_reviews_cache.json): Failed to open stream: No such file or directory
[2025-11-14 07:02:01] (ERROR @ C:\xampp\htdocs\sr-transfers\core\src\Revolution\modParser.php : 512) Could not find snippet with name ShowCountries.
[2025-11-14 07:02:01] (ERROR @ C:\xampp\htdocs\sr-transfers\core\src\Revolution\modParser.php : 512) Could not find snippet with name ShowCountries.
[2025-11-14 07:02:01] (ERROR @ C:\xampp\htdocs\sr-transfers\core\src\Revolution\modParser.php : 512) Could not find snippet with name ShowCountries.
[2025-11-14 07:03:08] (ERROR @ C:\xampp\htdocs\sr-transfers\core\src\Revolution\modParser.php : 512) Could not find snippet with name ShowCountries.
[2025-11-14 07:03:08] (ERROR @ C:\xampp\htdocs\sr-transfers\core\src\Revolution\modParser.php : 512) Could not find snippet with name ShowCountries.
[2025-11-14 07:03:08] (ERROR @ C:\xampp\htdocs\sr-transfers\core\src\Revolution\modParser.php : 512) Could not find snippet with name ShowCountries.
[2025-11-14 07:03:54] (ERROR @ C:\xampp\htdocs\sr-transfers\core\src\Revolution\modParser.php : 512) Could not find snippet with name ShowCountries.
[2025-11-14 07:03:54] (ERROR @ C:\xampp\htdocs\sr-transfers\core\src\Revolution\modParser.php : 512) Could not find snippet with name ShowCountries.
[2025-11-14 07:03:54] (ERROR @ C:\xampp\htdocs\sr-transfers\core\src\Revolution\modParser.php : 512) Could not find snippet with name ShowCountries.
